TOOL:	xrun	19.09-s003: Started on Oct 29, 2020 at 21:32:38 CET
xrun
	-compile
	-l xrun_compile.log
	-f dut.f
		mtm_Alu.vp
	-f tb.f
		mtm_alu_tb.sv
	-v93
	+nowarnDSEM2009
	+nowarnDSEMEL
	+nowarnCGDEFN
	-xmlibdirname INCA_libs
	+overwrite
	-nocopyright
	-coverage all
	-covoverwrite
	-covfile xrun_covfile.txt
INCLUDE $PDK_DIR/cds.lib
|
xrun: *W,DLCVAR (/home/student/klokaj/cds.lib,1): cds.lib Invalid environment variable ''.
INCLUDE $PDK_DIR/cds.lib
|
xrun: *W,DLCVAR (/home/student/klokaj/cds.lib,1): cds.lib Invalid environment variable ''.
INCLUDE $PDK_DIR/cds.lib
|
xrun: *W,DLCVAR (/home/student/klokaj/cds.lib,1): cds.lib Invalid environment variable ''.
INCLUDE $PDK_DIR/cds.lib
|
xrun: *W,DLCVAR (/home/student/klokaj/cds.lib,1): cds.lib Invalid environment variable ''.
INCLUDE $PDK_DIR/cds.lib
|
xrun: *W,DLCVAR (/home/student/klokaj/cds.lib,1): cds.lib Invalid environment variable ''.
INCLUDE $PDK_DIR/cds.lib
|
xmvlog: *W,DLCVAR (/home/student/klokaj/cds.lib,1): cds.lib Invalid environment variable ''.
file: mtm_Alu.vp
	module worklib.mtm_Alu:vp
		errors: 0, warnings: 0
		errors: 0, warnings: 0
		errors: 0, warnings: 0
		errors: 0, warnings: 0
file: mtm_alu_tb.sv
    reg [2:0] crc = 3'b000;
                  |
xmvlog: *W,VARIST (crc_calc.sv,8|18): Local static variable with initializer requires 'static' keyword.
(`include file: crc_calc.sv line 8, `include file: input_decoder.sv line 5, file: mtm_alu_tb.sv line 3)
	endfunction;
	           |
xmvlog: *W,UEXPSC (serial_monitor.sv,24|12): Ignored unexpected semicolon following SystemVerilog description keyword (endfunction).
(`include file: serial_monitor.sv line 24, `include file: input_decoder.sv line 6, file: mtm_alu_tb.sv line 3)
	endfunction;	
	           |
xmvlog: *W,UEXPSC (serial_monitor.sv,85|12): Ignored unexpected semicolon following SystemVerilog description keyword (endfunction).
(`include file: serial_monitor.sv line 85, `include file: input_decoder.sv line 6, file: mtm_alu_tb.sv line 3)
	  input_data DIN = new;
	                 |
xmvlog: *W,VARIST (mtm_alu_tb.sv,196|18): Local static variable with initializer requires 'static' keyword.
	  mtm_alu_model ALU_model = new;
	                          |
xmvlog: *W,VARIST (mtm_alu_tb.sv,197|27): Local static variable with initializer requires 'static' keyword.
endtask;
       |
xmvlog: *W,UEXPSC (mtm_alu_tb.sv,267|7): Ignored unexpected semicolon following SystemVerilog description keyword (endtask).
endtask;
       |
xmvlog: *W,UEXPSC (mtm_alu_tb.sv,271|7): Ignored unexpected semicolon following SystemVerilog description keyword (endtask).
	input_data DIN = new;
	               |
xmvlog: *W,VARIST (mtm_alu_tb.sv,361|16): Local static variable with initializer requires 'static' keyword.
	output_data DOUT = new;
	                 |
xmvlog: *W,VARIST (mtm_alu_tb.sv,362|18): Local static variable with initializer requires 'static' keyword.
	mtm_alu_model ALU_model = new;
	                        |
xmvlog: *W,VARIST (mtm_alu_tb.sv,363|25): Local static variable with initializer requires 'static' keyword.
	     DIN.sample(sin, reset_n);
	              |
xmvlog: *W,FUNTSK (mtm_alu_tb.sv,207|15): function called as a task without void'().
		    DIN.decode_data();
		                  |
xmvlog: *W,FUNTSK (mtm_alu_tb.sv,212|20): function called as a task without void'().
		    ALU_model.calculate_response(DIN);  
		                               |
xmvlog: *W,FUNTSK (mtm_alu_tb.sv,217|33): function called as a task without void'().
	   	DIN.sample(sin, reset_n);
	   	         |
xmvlog: *W,FUNTSK (mtm_alu_tb.sv,371|14): function called as a task without void'().
	    	DOUT.sample(sout, reset_n);
	    	          |
xmvlog: *W,FUNTSK (mtm_alu_tb.sv,372|16): function called as a task without void'().
		   	DIN.decode_data();
		   	              |
xmvlog: *W,FUNTSK (mtm_alu_tb.sv,376|20): function called as a task without void'().
		    	DOUT.decode_data();
		    	               |
xmvlog: *W,FUNTSK (mtm_alu_tb.sv,377|22): function called as a task without void'().
		   	ALU_model.calculate_response(DIN);
		   	                           |
xmvlog: *W,FUNTSK (mtm_alu_tb.sv,383|33): function called as a task without void'().
		    op_set = 0;
		             |
xmvlog: *W,ENUMERR (mtm_alu_tb.sv,229|15): This assignment is a violation of SystemVerilog strong typing rules for enumeration datatypes.
	module worklib.top:sv
		errors: 0, warnings: 16
		in_monitor.sample(data, rst_n);
		                |
xmvlog: *W,FUNTSK (input_decoder.sv,33|18): function called as a task without void'().
				in_monitor.q.pop_front();
				                     |
xmvlog: *W,FUNTSK (input_decoder.sv,72|25): function called as a task without void'().
				in_monitor.q.pop_front();
				                     |
xmvlog: *W,FUNTSK (input_decoder.sv,82|25): function called as a task without void'().
		handle_op();
		        |
xmvlog: *W,FUNTSK (input_decoder.sv,88|10): function called as a task without void'().
		handle_crc();
		         |
xmvlog: *W,FUNTSK (input_decoder.sv,89|11): function called as a task without void'().
		out_monitor.sample(data, rst_n);
		                 |
xmvlog: *W,FUNTSK (output_decoder.sv,26|19): function called as a task without void'().
				out_monitor.q.pop_front();
				                      |
xmvlog: *W,FUNTSK (output_decoder.sv,49|26): function called as a task without void'().
		handle_error();
		           |
xmvlog: *W,FUNTSK (output_decoder.sv,59|13): function called as a task without void'().
		handle_flag();
		          |
xmvlog: *W,FUNTSK (output_decoder.sv,60|12): function called as a task without void'().
		out_monitor.sample(data, rst_n);
		                 |
xmvlog: *W,FUNTSK (output_decoder.sv,99|19): function called as a task without void'().
				out_monitor.q.pop_front();
				                      |
xmvlog: *W,FUNTSK (output_decoder.sv,123|26): function called as a task without void'().
		handle_error();
		           |
xmvlog: *W,FUNTSK (output_decoder.sv,133|13): function called as a task without void'().
		handle_flag();
		          |
xmvlog: *W,FUNTSK (output_decoder.sv,134|12): function called as a task without void'().
	Total errors/warnings found outside modules and primitives:
		errors: 0, warnings: 17
INCLUDE $PDK_DIR/cds.lib
|
xrun: *W,DLCVAR (/home/student/klokaj/cds.lib,1): cds.lib Invalid environment variable ''.
INCLUDE $PDK_DIR/cds.lib
|
xrun: *W,DLCVAR (/home/student/klokaj/cds.lib,1): cds.lib Invalid environment variable ''.
TOOL:	xrun	19.09-s003: Exiting on Oct 29, 2020 at 21:32:38 CET  (total: 00:00:00)
